[0.031s] Invoking command in '/home/felix/ydlidar_ros2_ws/build/ros2_mapping': CMAKE_PREFIX_PATH=${CMAKE_PREFIX_PATH}:/home/felix/ros2_ws/install/examples_rclpy_minimal_subscriber:/home/felix/ros2_ws/install/examples_rclpy_minimal_service:/home/felix/ros2_ws/install/examples_rclpy_minimal_publisher:/home/felix/ros2_ws/install/examples_rclpy_minimal_client:/home/felix/ros2_ws/install/examples_rclpy_minimal_action_server:/home/felix/ros2_ws/install/examples_rclpy_minimal_action_client:/home/felix/ros2_ws/install/examples_rclpy_executors:/opt/ros/foxy /usr/bin/cmake --build /home/felix/ydlidar_ros2_ws/build/ros2_mapping -- -j6 -l6
[0.049s] -- Found ament_cmake: 0.9.11 (/opt/ros/foxy/share/ament_cmake/cmake)
[0.076s] -- Using PYTHON_EXECUTABLE: /usr/bin/python3
[0.239s] -- Found ament_lint_auto: 0.9.8 (/opt/ros/foxy/share/ament_lint_auto/cmake)
[0.294s] -- Found tf2: 0.13.14 (/opt/ros/foxy/share/tf2/cmake)
[0.313s] -- Using all available rosidl_typesupport_c: rosidl_typesupport_fastrtps_c;rosidl_typesupport_introspection_c
[0.316s] -- Found rosidl_adapter: 1.3.0 (/opt/ros/foxy/share/rosidl_adapter/cmake)
[0.409s] -- Using all available rosidl_typesupport_cpp: rosidl_typesupport_fastrtps_cpp;rosidl_typesupport_introspection_cpp
[0.481s] -- Found nav_msgs: 2.0.5 (/opt/ros/foxy/share/nav_msgs/cmake)
[0.555s] -- Added test 'copyright' to check source files copyright and LICENSE
[0.557s] -- Added test 'cppcheck' to perform static code analysis on C / C++ code
[0.557s] -- Configured cppcheck include dirs: 
[0.558s] -- Configured cppcheck exclude dirs and/or files: 
[0.559s] -- Added test 'cpplint' to check C / C++ code against the Google style
[0.559s] -- Configured cpplint exclude dirs and/or files: 
[0.560s] -- Added test 'flake8' to check Python code syntax and style conventions
[0.562s] -- Added test 'lint_cmake' to check CMake code style
[0.563s] -- Added test 'pep257' to check Python code against some of the style conventions in PEP 257
[0.564s] -- Added test 'uncrustify' to check C / C++ code style
[0.564s] -- Configured uncrustify additional arguments: 
[0.565s] -- Added test 'xmllint' to check XML markup files
[0.570s] -- Configuring done
[0.588s] -- Generating done
[0.591s] -- Build files have been written to: /home/felix/ydlidar_ros2_ws/build/ros2_mapping
[0.612s] [35m[1mScanning dependencies of target odometry[0m
[0.623s] [ 50%] [32mBuilding CXX object CMakeFiles/odometry.dir/src/odometry.cpp.o[0m
[0.725s] [01m[K/home/felix/ydlidar_ros2_ws/src/ros2_mapping/src/odometry.cpp:1:10:[m[K [01;31m[Kfatal error: [m[Kros/ros.h: Datei oder Verzeichnis nicht gefunden
[0.725s]     1 | #include [01;31m[K<ros/ros.h>[m[K
[0.725s]       |          [01;31m[K^~~~~~~~~~~[m[K
[0.725s] compilation terminated.
[0.730s] make[2]: *** [CMakeFiles/odometry.dir/build.make:63: CMakeFiles/odometry.dir/src/odometry.cpp.o] Fehler 1
[0.731s] make[1]: *** [CMakeFiles/Makefile2:78: CMakeFiles/odometry.dir/all] Fehler 2
[0.731s] make: *** [Makefile:141: all] Fehler 2
[0.733s] Invoked command in '/home/felix/ydlidar_ros2_ws/build/ros2_mapping' returned '2': CMAKE_PREFIX_PATH=${CMAKE_PREFIX_PATH}:/home/felix/ros2_ws/install/examples_rclpy_minimal_subscriber:/home/felix/ros2_ws/install/examples_rclpy_minimal_service:/home/felix/ros2_ws/install/examples_rclpy_minimal_publisher:/home/felix/ros2_ws/install/examples_rclpy_minimal_client:/home/felix/ros2_ws/install/examples_rclpy_minimal_action_server:/home/felix/ros2_ws/install/examples_rclpy_minimal_action_client:/home/felix/ros2_ws/install/examples_rclpy_executors:/opt/ros/foxy /usr/bin/cmake --build /home/felix/ydlidar_ros2_ws/build/ros2_mapping -- -j6 -l6
