[0.024s] Invoking command in '/home/felix/ydlidar_ros2_ws/build/ros2_mapping': CMAKE_PREFIX_PATH=${CMAKE_PREFIX_PATH}:/home/felix/ros2_ws/install/examples_rclpy_minimal_subscriber:/home/felix/ros2_ws/install/examples_rclpy_minimal_service:/home/felix/ros2_ws/install/examples_rclpy_minimal_publisher:/home/felix/ros2_ws/install/examples_rclpy_minimal_client:/home/felix/ros2_ws/install/examples_rclpy_minimal_action_server:/home/felix/ros2_ws/install/examples_rclpy_minimal_action_client:/home/felix/ros2_ws/install/examples_rclpy_executors:/opt/ros/foxy /usr/bin/cmake --build /home/felix/ydlidar_ros2_ws/build/ros2_mapping -- -j6 -l6
[0.064s] [35m[1mScanning dependencies of target odometry[0m
[0.105s] [ 50%] [32mBuilding CXX object CMakeFiles/odometry.dir/src/odometry.cpp.o[0m
[0.195s] [01m[K/home/felix/ydlidar_ros2_ws/src/ros2_mapping/src/odometry.cpp:3:10:[m[K [01;31m[Kfatal error: [m[Knav_msgs/Odometry.h: Datei oder Verzeichnis nicht gefunden
[0.195s]     3 | #include [01;31m[K<nav_msgs/Odometry.h>[m[K
[0.195s]       |          [01;31m[K^~~~~~~~~~~~~~~~~~~~~[m[K
[0.195s] compilation terminated.
[0.197s] make[2]: *** [CMakeFiles/odometry.dir/build.make:63: CMakeFiles/odometry.dir/src/odometry.cpp.o] Fehler 1
[0.197s] make[1]: *** [CMakeFiles/Makefile2:78: CMakeFiles/odometry.dir/all] Fehler 2
[0.198s] make: *** [Makefile:141: all] Fehler 2
[0.200s] Invoked command in '/home/felix/ydlidar_ros2_ws/build/ros2_mapping' returned '2': CMAKE_PREFIX_PATH=${CMAKE_PREFIX_PATH}:/home/felix/ros2_ws/install/examples_rclpy_minimal_subscriber:/home/felix/ros2_ws/install/examples_rclpy_minimal_service:/home/felix/ros2_ws/install/examples_rclpy_minimal_publisher:/home/felix/ros2_ws/install/examples_rclpy_minimal_client:/home/felix/ros2_ws/install/examples_rclpy_minimal_action_server:/home/felix/ros2_ws/install/examples_rclpy_minimal_action_client:/home/felix/ros2_ws/install/examples_rclpy_executors:/opt/ros/foxy /usr/bin/cmake --build /home/felix/ydlidar_ros2_ws/build/ros2_mapping -- -j6 -l6
