[0.034s] Invoking command in '/home/felix/ydlidar_ros2_ws/build/ros2_mapping': CMAKE_PREFIX_PATH=${CMAKE_PREFIX_PATH}:/home/felix/ros2_ws/install/examples_rclpy_minimal_subscriber:/home/felix/ros2_ws/install/examples_rclpy_minimal_service:/home/felix/ros2_ws/install/examples_rclpy_minimal_publisher:/home/felix/ros2_ws/install/examples_rclpy_minimal_client:/home/felix/ros2_ws/install/examples_rclpy_minimal_action_server:/home/felix/ros2_ws/install/examples_rclpy_minimal_action_client:/home/felix/ros2_ws/install/examples_rclpy_executors:/opt/ros/foxy /usr/bin/cmake --build /home/felix/ydlidar_ros2_ws/build/ros2_mapping -- -j6 -l6
[0.073s] [35m[1mScanning dependencies of target odometry[0m
[0.106s] [ 50%] [32mBuilding CXX object CMakeFiles/odometry.dir/src/odometry.cpp.o[0m
[1.942s] [01m[K/home/felix/ydlidar_ros2_ws/src/ros2_mapping/src/odometry.cpp:[m[K In function â€˜[01m[Kint main(int, char**)[m[Kâ€™:
[1.943s] [01m[K/home/felix/ydlidar_ros2_ws/src/ros2_mapping/src/odometry.cpp:6:3:[m[K [01;31m[Kerror: [m[Kâ€˜[01m[Kros[m[Kâ€™ has not been declared
[1.943s]     6 |   [01;31m[Kros[m[K::init(argc, argv, "odometry_publisher");
[1.943s]       |   [01;31m[K^~~[m[K
[1.943s] [01m[K/home/felix/ydlidar_ros2_ws/src/ros2_mapping/src/odometry.cpp:8:3:[m[K [01;31m[Kerror: [m[Kâ€˜[01m[Kros[m[Kâ€™ has not been declared
[1.943s]     8 |   [01;31m[Kros[m[K::NodeHandle n;
[1.943s]       |   [01;31m[K^~~[m[K
[1.943s] [01m[K/home/felix/ydlidar_ros2_ws/src/ros2_mapping/src/odometry.cpp:9:3:[m[K [01;31m[Kerror: [m[Kâ€˜[01m[Kros[m[Kâ€™ has not been declared
[1.943s]     9 |   [01;31m[Kros[m[K::Publisher odom_pub = n.advertise<nav_msgs::Odometry>("odom", 50);
[1.943s]       |   [01;31m[K^~~[m[K
[1.943s] [01m[K/home/felix/ydlidar_ros2_ws/src/ros2_mapping/src/odometry.cpp:10:3:[m[K [01;31m[Kerror: [m[Kâ€˜[01m[Ktf[m[Kâ€™ has not been declared
[1.943s]    10 |   [01;31m[Ktf[m[K::TransformBroadcaster odom_broadcaster;
[1.943s]       |   [01;31m[K^~[m[K
[1.943s] [01m[K/home/felix/ydlidar_ros2_ws/src/ros2_mapping/src/odometry.cpp:20:3:[m[K [01;31m[Kerror: [m[Kâ€˜[01m[Kros[m[Kâ€™ has not been declared
[1.943s]    20 |   [01;31m[Kros[m[K::Time current_time, last_time;
[1.943s]       |   [01;31m[K^~~[m[K
[1.944s] [01m[K/home/felix/ydlidar_ros2_ws/src/ros2_mapping/src/odometry.cpp:21:3:[m[K [01;31m[Kerror: [m[Kâ€˜[01m[Kcurrent_time[m[Kâ€™ was not declared in this scope
[1.944s]    21 |   [01;31m[Kcurrent_time[m[K = ros::Time::now();
[1.944s]       |   [01;31m[K^~~~~~~~~~~~[m[K
[1.944s] [01m[K/home/felix/ydlidar_ros2_ws/src/ros2_mapping/src/odometry.cpp:21:18:[m[K [01;31m[Kerror: [m[Kâ€˜[01m[Kros[m[Kâ€™ has not been declared
[1.944s]    21 |   current_time = [01;31m[Kros[m[K::Time::now();
[1.944s]       |                  [01;31m[K^~~[m[K
[1.946s] [01m[K/home/felix/ydlidar_ros2_ws/src/ros2_mapping/src/odometry.cpp:22:3:[m[K [01;31m[Kerror: [m[Kâ€˜[01m[Klast_time[m[Kâ€™ was not declared in this scope; did you mean â€˜[01m[Kasctime[m[Kâ€™?
[1.946s]    22 |   [01;31m[Klast_time[m[K = ros::Time::now();
[1.946s]       |   [01;31m[K^~~~~~~~~[m[K
[1.946s]       |   [32m[Kasctime[m[K
[1.946s] [01m[K/home/felix/ydlidar_ros2_ws/src/ros2_mapping/src/odometry.cpp:22:15:[m[K [01;31m[Kerror: [m[Kâ€˜[01m[Kros[m[Kâ€™ has not been declared
[1.946s]    22 |   last_time = [01;31m[Kros[m[K::Time::now();
[1.946s]       |               [01;31m[K^~~[m[K
[1.946s] [01m[K/home/felix/ydlidar_ros2_ws/src/ros2_mapping/src/odometry.cpp:24:3:[m[K [01;31m[Kerror: [m[Kâ€˜[01m[Kros[m[Kâ€™ has not been declared
[1.946s]    24 |   [01;31m[Kros[m[K::Rate r(1.0);
[1.946s]       |   [01;31m[K^~~[m[K
[1.947s] [01m[K/home/felix/ydlidar_ros2_ws/src/ros2_mapping/src/odometry.cpp:25:9:[m[K [01;31m[Kerror: [m[Kâ€˜[01m[Kn[m[Kâ€™ was not declared in this scope
[1.947s]    25 |   while([01;31m[Kn[m[K.ok()){
[1.947s]       |         [01;31m[K^[m[K
[1.947s] [01m[K/home/felix/ydlidar_ros2_ws/src/ros2_mapping/src/odometry.cpp:27:5:[m[K [01;31m[Kerror: [m[Kâ€˜[01m[Kros[m[Kâ€™ has not been declared
[1.947s]    27 |     [01;31m[Kros[m[K::spinOnce();               // check for incoming messages
[1.947s]       |     [01;31m[K^~~[m[K
[1.947s] [01m[K/home/felix/ydlidar_ros2_ws/src/ros2_mapping/src/odometry.cpp:28:20:[m[K [01;31m[Kerror: [m[Kâ€˜[01m[Kros[m[Kâ€™ has not been declared
[1.947s]    28 |     current_time = [01;31m[Kros[m[K::Time::now();
[1.947s]       |                    [01;31m[K^~~[m[K
[1.947s] [01m[K/home/felix/ydlidar_ros2_ws/src/ros2_mapping/src/odometry.cpp:41:20:[m[K [01;31m[Kerror: [m[Kâ€˜[01m[KQuaternion[m[Kâ€™ is not a member of â€˜[01m[Kgeometry_msgs[m[Kâ€™; did you mean â€˜[01m[Kgeometry_msgs::msg::Quaternion[m[Kâ€™?
[1.947s]    41 |     geometry_msgs::[01;31m[KQuaternion[m[K odom_quat = tf::createQuaternionMsgFromYaw(th);
[1.947s]       |                    [01;31m[K^~~~~~~~~~[m[K
[1.947s] In file included from [01m[K/opt/ros/foxy/include/geometry_msgs/msg/detail/transform__struct.hpp:21[m[K,
[1.948s]                  from [01m[K/opt/ros/foxy/include/geometry_msgs/msg/detail/transform_stamped__struct.hpp:21[m[K,
[1.948s]                  from [01m[K/opt/ros/foxy/include/geometry_msgs/msg/transform_stamped.hpp:7[m[K,
[1.948s]                  from [01m[K/opt/ros/foxy/include/tf2_ros/transform_broadcaster.h:37[m[K,
[1.948s]                  from [01m[K/home/felix/ydlidar_ros2_ws/src/ros2_mapping/src/odometry.cpp:2[m[K:
[1.948s] [01m[K/opt/ros/foxy/include/geometry_msgs/msg/detail/quaternion__struct.hpp:173:7:[m[K [01;36m[Knote: [m[Kâ€˜[01m[Kgeometry_msgs::msg::Quaternion[m[Kâ€™ declared here
[1.948s]   173 | using [01;36m[KQuaternion[m[K =
[1.948s]       |       [01;36m[K^~~~~~~~~~[m[K
[1.948s] [01m[K/home/felix/ydlidar_ros2_ws/src/ros2_mapping/src/odometry.cpp:44:20:[m[K [01;31m[Kerror: [m[Kâ€˜[01m[KTransformStamped[m[Kâ€™ is not a member of â€˜[01m[Kgeometry_msgs[m[Kâ€™; did you mean â€˜[01m[Kgeometry_msgs::msg::TransformStamped[m[Kâ€™?
[1.948s]    44 |     geometry_msgs::[01;31m[KTransformStamped[m[K odom_trans;
[1.948s]       |                    [01;31m[K^~~~~~~~~~~~~~~~[m[K
[1.948s] In file included from [01m[K/opt/ros/foxy/include/geometry_msgs/msg/transform_stamped.hpp:7[m[K,
[1.948s]                  from [01m[K/opt/ros/foxy/include/tf2_ros/transform_broadcaster.h:37[m[K,
[1.948s]                  from [01m[K/home/felix/ydlidar_ros2_ws/src/ros2_mapping/src/odometry.cpp:2[m[K:
[1.948s] [01m[K/opt/ros/foxy/include/geometry_msgs/msg/detail/transform_stamped__struct.hpp:155:7:[m[K [01;36m[Knote: [m[Kâ€˜[01m[Kgeometry_msgs::msg::TransformStamped[m[Kâ€™ declared here
[1.948s]   155 | using [01;36m[KTransformStamped[m[K =
[1.948s]       |       [01;36m[K^~~~~~~~~~~~~~~~[m[K
[1.949s] [01m[K/home/felix/ydlidar_ros2_ws/src/ros2_mapping/src/odometry.cpp:45:5:[m[K [01;31m[Kerror: [m[Kâ€˜[01m[Kodom_trans[m[Kâ€™ was not declared in this scope
[1.949s]    45 |     [01;31m[Kodom_trans[m[K.header.stamp = current_time;
[1.949s]       |     [01;31m[K^~~~~~~~~~[m[K
[1.950s] [01m[K/home/felix/ydlidar_ros2_ws/src/ros2_mapping/src/odometry.cpp:52:37:[m[K [01;31m[Kerror: [m[Kâ€˜[01m[Kodom_quat[m[Kâ€™ was not declared in this scope
[1.950s]    52 |     odom_trans.transform.rotation = [01;31m[Kodom_quat[m[K;
[1.950s]       |                                     [01;31m[K^~~~~~~~~[m[K
[1.951s] [01m[K/home/felix/ydlidar_ros2_ws/src/ros2_mapping/src/odometry.cpp:55:5:[m[K [01;31m[Kerror: [m[Kâ€˜[01m[Kodom_broadcaster[m[Kâ€™ was not declared in this scope
[1.951s]    55 |     [01;31m[Kodom_broadcaster[m[K.sendTransform(odom_trans);
[1.952s]       |     [01;31m[K^~~~~~~~~~~~~~~~[m[K
[1.952s] [01m[K/home/felix/ydlidar_ros2_ws/src/ros2_mapping/src/odometry.cpp:58:15:[m[K [01;31m[Kerror: [m[Kâ€˜[01m[KOdometry[m[Kâ€™ is not a member of â€˜[01m[Knav_msgs[m[Kâ€™; did you mean â€˜[01m[Knav_msgs::msg::Odometry[m[Kâ€™?
[1.952s]    58 |     nav_msgs::[01;31m[KOdometry[m[K odom;
[1.952s]       |               [01;31m[K^~~~~~~~[m[K
[1.952s] In file included from [01m[K/opt/ros/foxy/include/nav_msgs/msg/odometry.hpp:7[m[K,
[1.952s]                  from [01m[K/home/felix/ydlidar_ros2_ws/src/ros2_mapping/src/odometry.cpp:3[m[K:
[1.952s] [01m[K/opt/ros/foxy/include/nav_msgs/msg/detail/odometry__struct.hpp:171:7:[m[K [01;36m[Knote: [m[Kâ€˜[01m[Knav_msgs::msg::Odometry[m[Kâ€™ declared here
[1.952s]   171 | using [01;36m[KOdometry[m[K =
[1.952s]       |       [01;36m[K^~~~~~~~[m[K
[1.952s] [01m[K/home/felix/ydlidar_ros2_ws/src/ros2_mapping/src/odometry.cpp:59:5:[m[K [01;31m[Kerror: [m[Kâ€˜[01m[Kodom[m[Kâ€™ was not declared in this scope
[1.952s]    59 |     [01;31m[Kodom[m[K.header.stamp = current_time;
[1.952s]       |     [01;31m[K^~~~[m[K
[1.956s] [01m[K/home/felix/ydlidar_ros2_ws/src/ros2_mapping/src/odometry.cpp:75:5:[m[K [01;31m[Kerror: [m[Kâ€˜[01m[Kodom_pub[m[Kâ€™ was not declared in this scope
[1.956s]    75 |     [01;31m[Kodom_pub[m[K.publish(odom);
[1.956s]       |     [01;31m[K^~~~~~~~[m[K
[1.956s] [01m[K/home/felix/ydlidar_ros2_ws/src/ros2_mapping/src/odometry.cpp:78:5:[m[K [01;31m[Kerror: [m[Kâ€˜[01m[Kr[m[Kâ€™ was not declared in this scope
[1.956s]    78 |     [01;31m[Kr[m[K.sleep();
[1.956s]       |     [01;31m[K^[m[K
[2.460s] make[2]: *** [CMakeFiles/odometry.dir/build.make:63: CMakeFiles/odometry.dir/src/odometry.cpp.o] Fehler 1
[2.462s] make[1]: *** [CMakeFiles/Makefile2:78: CMakeFiles/odometry.dir/all] Fehler 2
[2.462s] make: *** [Makefile:141: all] Fehler 2
[2.467s] Invoked command in '/home/felix/ydlidar_ros2_ws/build/ros2_mapping' returned '2': CMAKE_PREFIX_PATH=${CMAKE_PREFIX_PATH}:/home/felix/ros2_ws/install/examples_rclpy_minimal_subscriber:/home/felix/ros2_ws/install/examples_rclpy_minimal_service:/home/felix/ros2_ws/install/examples_rclpy_minimal_publisher:/home/felix/ros2_ws/install/examples_rclpy_minimal_client:/home/felix/ros2_ws/install/examples_rclpy_minimal_action_server:/home/felix/ros2_ws/install/examples_rclpy_minimal_action_client:/home/felix/ros2_ws/install/examples_rclpy_executors:/opt/ros/foxy /usr/bin/cmake --build /home/felix/ydlidar_ros2_ws/build/ros2_mapping -- -j6 -l6
